<?xml version="1.0" encoding="UTF-8"?>
<testng-results skipped="0" failed="0" ignored="0" total="1" passed="1">
  <reporter-output>
  </reporter-output>
  <suite name="Default suite" duration-ms="16674" started-at="2021-01-20T23:33:59 EST" finished-at="2021-01-20T23:34:16 EST">
    <groups>
    </groups>
    <test name="Default test" duration-ms="16674" started-at="2021-01-20T23:33:59 EST" finished-at="2021-01-20T23:34:16 EST">
      <class name="variousConcepts.LearnTestNG">
        <test-method status="PASS" signature="init()[pri:0, instance:variousConcepts.LearnTestNG@1c3a4799]" name="init" is-config="true" duration-ms="10165" started-at="2021-01-20T23:33:59 EST" finished-at="2021-01-20T23:34:09 EST">
          <reporter-output>
          </reporter-output>
        </test-method> <!-- init -->
        <test-method status="PASS" signature="logingTest()[pri:0, instance:variousConcepts.LearnTestNG@1c3a4799]" name="logingTest" duration-ms="5182" started-at="2021-01-20T23:34:09 EST" finished-at="2021-01-20T23:34:15 EST">
          <reporter-output>
          </reporter-output>
        </test-method> <!-- logingTest -->
        <test-method status="PASS" signature="tearDown()[pri:0, instance:variousConcepts.LearnTestNG@1c3a4799]" name="tearDown" is-config="true" duration-ms="1228" started-at="2021-01-20T23:34:15 EST" finished-at="2021-01-20T23:34:16 EST">
          <reporter-output>
          </reporter-output>
        </test-method> <!-- tearDown -->
      </class> <!-- variousConcepts.LearnTestNG -->
    </test> <!-- Default test -->
  </suite> <!-- Default suite -->
</testng-results>
